AutoECO Report
FILE-A: C:\DOCUMENTS AND SETTINGS\ADMINISTRATOR\DESKTOP\LED NHA CHO\CPU\CPU_3.MAX
FILE-B: C:\DOCUMENTS AND SETTINGS\ADMINISTRATOR\DESKTOP\HAMRUOU\HAMRUOU.MNL
If "*EOF*" immediately follows, no changes were made
Found footprint IC 36 PIN from PRT file for original FP DIL28, comp IC1
Adding package NPN_1
Adding package DIODE_0
Adding package CON16A_0
Adding package RELAY_SPDT
Adding package C:\PROGRAM FILES\ORCAD\CAPTURE\LIBRARY\OLDLIBS\DEVICE.OLB/CON3
Adding package SMALL_CAP
Adding package C:\PROGRAM FILES\ORCAD\CAPTURE\LIBRARY\IEC\DEVICE.OLB/LED
Adding package CRYSTAL
Adding package CON6A_0
Adding package ATMEGA8-DIL28
Adding package HEADER_7_1
Adding package HEADER_5
Adding component D78
Adding component D72
Adding component R61
Adding component D73
Adding component J12
Adding component Q6
Found footprint TO92/100 from PRT file for part NPN_1, comp Q6
Adding component D4
Adding component R22
Adding component D71
Adding component D77
Adding component R42
Adding component PC847_1
Adding component R74
Adding component K2
Found footprint RELAY_SLA from PRT file for part RELAY_SPDT, comp K2
Adding component R75
Adding component R78
Adding component R73
Adding component R41
Adding component R51
Adding component PC847_2
Adding component D74
Adding component Q4
Adding component D2
Adding component D75
Adding component D5
Adding component D100
Adding component K1
Adding component D54
Adding component R72
Adding component Q1
Adding component J6
Adding component Y1
Found library footprint with same name as part CRYSTAL
Adding component R52
Adding component J7
Adding component K5
Adding component J8
ERROR: Pin "2" in package CON4 wasn't defined by footprint 1 DIEM_J3
ERROR: Pin "3" in package CON4 wasn't defined by footprint 1 DIEM_J3
ERROR: Pin "4" in package CON4 wasn't defined by footprint 1 DIEM_J3
Adding component R32
Adding component Q2
Adding component J11
Adding component Q3
Adding component C25
Adding component R62
Adding component D76
ERROR: Pin "3" in package RESISTOR_SIP_9 wasn't defined by footprint RESISTOR 1/4W_R4
ERROR: Pin "4" in package RESISTOR_SIP_9 wasn't defined by footprint RESISTOR 1/4W_R4
ERROR: Pin "5" in package RESISTOR_SIP_9 wasn't defined by footprint RESISTOR 1/4W_R4
ERROR: Pin "6" in package RESISTOR_SIP_9 wasn't defined by footprint RESISTOR 1/4W_R4
ERROR: Pin "7" in package RESISTOR_SIP_9 wasn't defined by footprint RESISTOR 1/4W_R4
ERROR: Pin "8" in package RESISTOR_SIP_9 wasn't defined by footprint RESISTOR 1/4W_R4
ERROR: Pin "9" in package RESISTOR_SIP_9 wasn't defined by footprint RESISTOR 1/4W_R4
Adding component J9
ERROR: Pin "3" in package CON6A_0 wasn't defined by footprint CONNECTOR 2 PIN(LARGE)_J1
ERROR: Pin "4" in package CON6A_0 wasn't defined by footprint CONNECTOR 2 PIN(LARGE)_J1
Adding component K3
Adding component K6
Adding component IC1
Adding component R31
Adding component D6
Adding component K4
ERROR: Pin "2" in package CON2 wasn't defined by footprint 1 DIEM_J5
Adding component R77
Adding component Q5
Adding component R76
Adding component J10
Adding component R71
Adding net N167733340
Adding net N167733621
Adding net N16773840
Adding net N16773914
Adding net DI7
Adding net DI8
Adding net IN7
Adding net IN8
Adding net PW+
Adding net PW-
Adding net PW1+
Adding net LED
Net 12 renamed to RESET
Net 3V3 renamed to RF_RCV
Adding net N344167
Adding net RX
Net A renamed to TX
Adding net T
Adding net OSC2
Adding net OSC1
Net ESP_TX1 renamed to N16778695
Adding net N16778826
Net SWTX renamed to N16762645
Adding net N16778824
Net N996750 renamed to N16777983
Adding net N16778693
Net 13 renamed to 5V
Adding net RL1
Adding net N16763866
Adding net N16763874
Adding net N16783639
Adding net N16763996
Adding net N16764014
Net ESP_3V3 renamed to RL2
Adding net RL3
Adding net N16763988
Adding net N16764054
Adding net COM1
Adding net O1
Adding net O4
Adding net O2
Adding net O5
Adding net O6
Adding net O3
Adding net COM2
Adding net E
Net OE renamed to A+
Net C renamed to B-
Adding net RL4
Adding net RL5
Adding net RL6
Net RESET renamed to IN1
Adding net IN2
Adding net IN3
Adding net IN4
Adding net IN5
Adding net IN6
Adding net DI6
Adding net DI5
Adding net N22706
Adding net N22762
Adding net N16708448
Adding net N16767883
Adding net N16767879
Adding net N16708574
Adding net N231391
Adding net N231721
Adding net N16768307
Adding net GND_24
Adding net N16768185
Adding net N167683590
Adding net N167682331
Adding net DI4
Adding net DI3
Adding net DI1
Adding net DI2
ERROR: Component R4 (with fp RESISTOR 1/4W_R4) has no pin 7
ERROR: Component R4 (with fp RESISTOR 1/4W_R4) has no pin 6
ERROR: Component R4 (with fp RESISTOR 1/4W_R4) has no pin 5
ERROR: Component R4 (with fp RESISTOR 1/4W_R4) has no pin 4
ERROR: Component R4 (with fp RESISTOR 1/4W_R4) has no pin 3
ERROR: Component J2 (with fp 1 DIEM_J2) has no pin 2
ERROR: Component J2 (with fp 1 DIEM_J2) has no pin 3
ERROR: Component J3 (with fp 1 DIEM_J3) has no pin 4
ERROR: Component J3 (with fp 1 DIEM_J3) has no pin 3
ERROR: Component J3 (with fp 1 DIEM_J3) has no pin 2
ERROR: Component J1 (with fp CONNECTOR 2 PIN(LARGE)_J1) has no pin 4
ERROR: Component J1 (with fp CONNECTOR 2 PIN(LARGE)_J1) has no pin 3
ERROR: Component J5 (with fp 1 DIEM_J5) has no pin 2
ERROR: Component R4 (with fp RESISTOR 1/4W_R4) has no pin 9
ERROR: Component R4 (with fp RESISTOR 1/4W_R4) has no pin 8
ERROR: Component J4 (with fp 1 DIEM_J4) has no pin 3
ERROR: Component J4 (with fp 1 DIEM_J4) has no pin 2
Deleting POW.4 from net RF_RCV
Deleting R4.1 from net RF_RCV
Adding R3.2 to net RF_RCV
Adding JP1.2 to net RF_RCV
Adding IC1.4 to net RF_RCV
Deleting U3.19 from net RESET
Deleting U4.19 from net RESET
Deleting PWMH.6 from net RESET
Deleting U5.19 from net RESET
Deleting U6.19 from net RESET
Adding IC1.1 to net RESET
Adding JP6.1 to net RESET
Deleting PWMH.5 from net 5V
Adding JP1.4 to net 5V
Adding K1.1 to net 5V
Adding D2.2 to net 5V
Adding K2.1 to net 5V
Adding D3.2 to net 5V
Adding K3.1 to net 5V
Adding D5.2 to net 5V
Adding K5.1 to net 5V
Adding D4.2 to net 5V
Adding K4.1 to net 5V
Adding D6.2 to net 5V
Adding K6.1 to net 5V
Deleting JP7.2 from net TX
Deleting JP5.2 from net TX
Deleting JP8.2 from net TX
Deleting JP4.2 from net TX
Deleting JP3.2 from net TX
Deleting U3.15 from net TX
Adding IC1.3 to net TX
Adding JP4.3 to net TX
Deleting JP3.6 from net B-
Deleting JP5.6 from net B-
Deleting JP6.6 from net B-
Deleting JP8.6 from net B-
Deleting JP7.6 from net B-
Deleting U3.13 from net B-
Deleting R14.1 from net RL2
Deleting R11.1 from net RL2
Deleting R13.1 from net RL2
Deleting C11.1 from net RL2
Deleting U26.2 from net RL2
Deleting D44.2 from net RL2
Deleting U14.8 from net RL2
Deleting U14.3 from net RL2
Deleting J13.3 from net RL2
Deleting R12.1 from net RL2
Deleting R15.1 from net RL2
Adding IC1.13 to net RL2
Deleting U14.11 from net N16778695
Deleting JP11.1 from net N16778695
Adding R22.1 to net N16778695
Adding Q2.2 to net N16778695
Deleting U5.10 from net GND
Deleting U4.10 from net GND
Deleting U6.10 from net GND
Deleting JP10.9 from net GND
Deleting D3.1 from net GND
Deleting J1.2 from net GND
Deleting U3.10 from net GND
Deleting JP1.4 from net GND
Deleting JP9.9 from net GND
Deleting JP8.13 from net GND
Deleting JP8.15 from net GND
Deleting JP8.3 from net GND
Deleting JP8.5 from net GND
Deleting JP7.13 from net GND
Deleting JP7.15 from net GND
Deleting JP7.3 from net GND
Deleting JP7.5 from net GND
Deleting JP6.13 from net GND
Deleting JP6.15 from net GND
Deleting JP6.3 from net GND
Deleting JP5.13 from net GND
Deleting JP5.15 from net GND
Deleting JP5.3 from net GND
Deleting JP5.5 from net GND
Deleting JP4.13 from net GND
Deleting JP4.15 from net GND
Deleting JP4.3 from net GND
Deleting JP4.5 from net GND
Deleting JP3.13 from net GND
Deleting JP3.15 from net GND
Deleting JP3.3 from net GND
Deleting JP3.5 from net GND
Deleting DIG.36 from net GND
Deleting DIG.35 from net GND
Deleting JP14.2 from net GND
Deleting JP21.2 from net GND
Deleting U14.9 from net GND
Deleting JP21.6 from net GND
Deleting JP11.3 from net GND
Deleting C11.2 from net GND
Deleting U26.1 from net GND
Deleting D44.1 from net GND
Deleting R16.2 from net GND
Deleting J13.1 from net GND
Deleting JP16.7 from net GND
Deleting JP9.10 from net GND
Deleting POW.7 from net GND
Deleting POW.6 from net GND
Adding IC1.22 to net GND
Adding JP1.1 to net GND
Adding IC1.8 to net GND
Adding R32.2 to net GND
Adding R12.2 to net GND
Adding Q1.1 to net GND
Adding Q2.1 to net GND
Adding R22.2 to net GND
Adding Q3.1 to net GND
Adding Q6.1 to net GND
Adding Q4.1 to net GND
Adding R52.2 to net GND
Adding R42.2 to net GND
Adding R62.2 to net GND
Adding Q5.1 to net GND
Adding JP4.4 to net GND
Adding PC847_1.15 to net GND
Adding PC847_1.13 to net GND
Adding PC847_1.9 to net GND
Adding PC847_1.11 to net GND
Adding PC847_2.15 to net GND
Adding PC847_2.11 to net GND
Adding PC847_2.13 to net GND
Adding PC847_2.9 to net GND
Adding C25.2 to net GND
Adding J6.3 to net GND
Deleting R3.2 from net N16777983
Adding Q1.3 to net N16777983
Adding K1.2 to net N16777983
Deleting R2.2 from net A+
Deleting JP3.7 from net A+
Deleting JP7.7 from net A+
Deleting JP5.7 from net A+
Deleting U3.18 from net A+
Deleting JP8.7 from net A+
Deleting JP6.7 from net A+
Adding J2.1 to net A+
Deleting POW.3 from net IN1
Deleting JP10.5 from net IN1
Deleting JP9.7 from net IN1
Adding IC1.23 to net IN1
Adding PC847_1.16 to net IN1
Deleting U14.14 from net N16762645
Deleting JP10.2 from net N16762645
Adding R12.1 to net N16762645
Adding Q1.2 to net N16762645
Deleting U3.1 from net VCC
Deleting POW.5 from net VCC
Deleting JP21.1 from net VCC
Deleting U3.20 from net VCC
Deleting JP16.9 from net VCC
Deleting U26.3 from net VCC
Deleting JP10.7 from net VCC
Deleting D3.2 from net VCC
Deleting U6.20 from net VCC
Deleting U6.1 from net VCC
Deleting U4.20 from net VCC
Deleting U4.1 from net VCC
Deleting U5.1 from net VCC
Deleting U5.20 from net VCC
Deleting J1.1 from net VCC
Deleting JP9.1 from net VCC
Deleting JP9.2 from net VCC
Deleting C1.1 from net VCC
Deleting C2.1 from net VCC
Deleting DIG.2 from net VCC
Deleting DIG.1 from net VCC
Adding IC1.7 to net VCC
Adding IC1.20 to net VCC
Adding JP6.4 to net VCC
Adding JP4.1 to net VCC
Adding R4.1 to net VCC
Adding C25.1 to net VCC
Adding J6.1 to net VCC
Adding D77.2 to net N167733340
Adding R77.1 to net N167733340
Adding R78.1 to net N167733621
Adding D78.2 to net N167733621
Adding R77.2 to net N16773840
Adding PC847_2.5 to net N16773840
Adding PC847_2.7 to net N16773914
Adding R78.2 to net N16773914
Adding D77.1 to net DI7
Adding D78.1 to net DI8
Adding PC847_2.12 to net IN7
Adding IC1.19 to net IN7
Adding PC847_2.10 to net IN8
Adding IC1.18 to net IN8
Adding J5.1 to net PW+
Adding D54.1 to net PW+
Adding J1.2 to net PW-
Adding D54.2 to net PW1+
Adding J1.1 to net PW1+
Adding D100.2 to net LED
Adding IC1.15 to net LED
Adding R2.2 to net N344167
Adding D100.1 to net N344167
Adding IC1.2 to net RX
Adding JP6.3 to net RX
Adding JP4.2 to net RX
Adding J6.2 to net T
Adding IC1.16 to net T
Adding Y1.2 to net OSC2
Adding C1.1 to net OSC2
Adding IC1.10 to net OSC2
Adding C2.1 to net OSC1
Adding Y1.1 to net OSC1
Adding IC1.9 to net OSC1
Adding R32.1 to net N16778826
Adding R31.2 to net N16778826
Adding Q3.2 to net N16778826
Adding Q3.3 to net N16778824
Adding D3.1 to net N16778824
Adding K3.2 to net N16778824
Adding Q2.3 to net N16778693
Adding D2.1 to net N16778693
Adding K2.2 to net N16778693
Adding R11.1 to net RL1
Adding IC1.14 to net RL1
Adding R61.2 to net N16763866
Adding Q6.2 to net N16763866
Adding R62.1 to net N16763866
Adding Q5.2 to net N16763874
Adding R52.1 to net N16763874
Adding R51.2 to net N16763874
Adding IC1.17 to net N16783639
Adding K5.2 to net N16763996
Adding D5.1 to net N16763996
Adding Q5.3 to net N16763996
Adding Q6.3 to net N16764014
Adding K6.2 to net N16764014
Adding D6.1 to net N16764014
Adding R31.1 to net RL3
Adding IC1.12 to net RL3
Adding Q4.3 to net N16763988
Adding D4.1 to net N16763988
Adding K4.2 to net N16763988
Adding R42.1 to net N16764054
Adding Q4.2 to net N16764054
Adding R41.2 to net N16764054
Adding K3.3 to net COM1
Adding K2.3 to net COM1
Adding K1.3 to net COM1
Adding K4.3 to net COM1
Adding J3.1 to net COM1
Adding K1.4 to net O1
Adding K4.4 to net O4
Adding J9.1 to net O4
Adding K2.4 to net O2
Adding K5.4 to net O5
Adding J9.3 to net O5
Adding K6.4 to net O6
Adding J9.4 to net O6
Adding K3.4 to net O3
Adding K5.3 to net COM2
Adding K6.3 to net COM2
Adding J9.2 to net COM2
Adding JP4.5 to net E
Adding R41.1 to net RL4
Adding IC1.11 to net RL4
Adding R51.1 to net RL5
Adding IC1.6 to net RL5
Adding R61.1 to net RL6
Adding IC1.5 to net RL6
Adding IC1.24 to net IN2
Adding PC847_1.14 to net IN2
Adding IC1.25 to net IN3
Adding PC847_1.12 to net IN3
Adding IC1.26 to net IN4
Adding PC847_1.10 to net IN4
Adding IC1.27 to net IN5
Adding PC847_2.16 to net IN5
Adding IC1.28 to net IN6
Adding PC847_2.14 to net IN6
Adding J4.1 to net DI6
Adding D76.1 to net DI6
Adding J10.3 to net DI5
Adding D75.1 to net DI5
Adding PC847_1.1 to net N22706
Adding R71.2 to net N22706
Adding PC847_1.3 to net N22762
Adding R72.2 to net N22762
Adding R73.2 to net N16708448
Adding PC847_1.5 to net N16708448
Adding PC847_1.7 to net N16767883
Adding R74.2 to net N16767883
Adding D74.2 to net N16767879
Adding R74.1 to net N16767879
Adding D73.2 to net N16708574
Adding R73.1 to net N16708574
Adding D72.2 to net N231391
Adding R72.1 to net N231391
Adding R71.1 to net N231721
Adding D71.2 to net N231721
Adding PC847_2.3 to net N16768307
Adding R76.2 to net N16768307
Adding PC847_1.6 to net GND_24
Adding PC847_1.4 to net GND_24
Adding PC847_1.8 to net GND_24
Adding PC847_1.2 to net GND_24
Adding J12.1 to net GND_24
Adding PC847_2.4 to net GND_24
Adding PC847_2.8 to net GND_24
Adding PC847_2.2 to net GND_24
Adding PC847_2.6 to net GND_24
Adding R75.2 to net N16768185
Adding PC847_2.1 to net N16768185
Adding R75.1 to net N167683590
Adding D75.2 to net N167683590
Adding D76.2 to net N167682331
Adding R76.1 to net N167682331
Adding J10.2 to net DI4
Adding D74.1 to net DI4
Adding D73.1 to net DI3
Adding J10.1 to net DI3
Adding J12.2 to net DI1
Adding D71.1 to net DI1
Adding J12.3 to net DI2
Adding D72.1 to net DI2
Deleting component U26
Deleting component U14
Deleting component U6
Deleting component U5
Deleting component U4
Deleting component U3
Deleting component R16
Deleting component R15
Deleting component R14
Deleting component R13
Deleting component PWML
Deleting component PWMH
Deleting component POW
Deleting component JP21
Deleting component JP16
Deleting component JP15
Deleting component JP14
Deleting component JP11
Deleting component JP10
Deleting component JP9
Deleting component JP8
Deleting component JP7
Deleting component JP5
Deleting component JP3
Deleting component J15
Deleting component J14
Deleting component DIG
Deleting component D44
Deleting component COM
Deleting component C11
Deleting component ANAL
Deleting net 2
Deleting net 43
Deleting net 25
Deleting net 27
Deleting net 26
Deleting net 30
Deleting net 41
Deleting net 29
Deleting net 28
Deleting net 31
Deleting net 32
Deleting net 42
Deleting net 11
Deleting net TX2
Deleting net TX1
Deleting net SWRX
Deleting net RX2
Deleting net RX1
Deleting net REST
Deleting net N16798286
Deleting net MOSI
Deleting net MISO
Deleting net LAT
Deleting net IO0
Deleting net GSM_TX
Deleting net ESP_TX
Deleting net ESP_RX
Deleting net DUE_RST
Deleting net D
Deleting net CS
Deleting net CLK_16777531
Deleting net CLK
Deleting net B
Deleting net A7
Deleting net A6
Deleting net A5
Deleting net A4
Deleting net A3
Deleting net A2
Deleting net A1
Deleting net A0
Deleting net 5R2
Deleting net 5R1
Deleting net 5G2
Deleting net 5G1
Deleting net 51
Deleting net 50
Deleting net 49
Deleting net 48
Deleting net 47
Deleting net 46
Deleting net 45
Deleting net 44
Deleting net 40
Deleting net 39
Deleting net 38
Deleting net 37
Deleting net 36
Deleting net 35
Deleting net 34
Deleting net 33
Deleting net 1R2
Deleting net 1R1
Deleting net 1G2
Deleting net 1G1
Deleting net 10
Deleting net 9
Deleting net 8
Deleting net 7
Deleting net 6R2
Deleting net 6R1
Deleting net 6G2
Deleting net 6G1
Deleting net 6
Deleting net 5
Deleting net 4R2
Deleting net 4R1
Deleting net 4G2
Deleting net 4G1
Deleting net 4
Deleting net 3R2
Deleting net 3R1
Deleting net 3G2
Deleting net 3G1
Deleting net 3
Deleting net 2R2
Deleting net 2R1
Deleting net 2G2
Deleting net 2G1
*EOF*
30 errors found
